I160622 19:44:30.800556 storage/engine/rocksdb.go:143  opening in memory rocksdb instance
W160622 19:44:30.801558 server/server.go:111  running in insecure mode, this is strongly discouraged. See --insecure.
W160622 19:44:30.801637 gossip/gossip.go:897  not connected to cluster; use --join to specify a connected node
I160622 19:44:30.802789 server/node.go:401  store store=0:0 ([]=) not bootstrapped
W160622 19:44:30.804843 gossip/gossip.go:897  not connected to cluster; use --join to specify a connected node
I160622 19:44:30.805187 storage/replica_command.go:1576  range 1: new leader lease replica {1 1 1} 1970-01-01 00:00:00 +0000 UTC 407399h44m35.304470019s following replica {0 0 0} 1970-01-01 00:00:00 +0000 UTC 0 [physicalTime=2016-06-22 23:44:30.805077005 +0000 UTC]
I160622 19:44:30.805535 server/node.go:327  **** cluster {b61fe065-d51e-4442-8cd2-6e7d1a716128} has been created
I160622 19:44:30.805552 server/node.go:328  **** add additional nodes by specifying --join=127.0.0.1:49812
W160622 19:44:30.805559 gossip/gossip.go:897  not connected to cluster; use --join to specify a connected node
I160622 19:44:30.805926 server/node.go:414  initialized store store=1:1 ([]=): {Capacity:249779191808 Available:202115477504 RangeCount:0}
I160622 19:44:30.805947 server/node.go:302  node ID 1 initialized
I160622 19:44:30.805983 storage/stores.go:292  read 0 node addresses from persistent storage
I160622 19:44:30.806068 server/node.go:535  connecting to gossip network to verify cluster ID...
I160622 19:44:30.806581 server/node.go:556  node connected via gossip and verified as part of cluster {"b61fe065-d51e-4442-8cd2-6e7d1a716128"}
I160622 19:44:30.806607 server/node.go:355  [node=1] Started node with [[]=] engine(s) and attributes []
I160622 19:44:30.806630 server/server.go:426  starting http server at 127.0.0.1:49813
I160622 19:44:30.806644 server/server.go:427  starting grpc/postgres server at 127.0.0.1:49812
I160622 19:44:30.807180 storage/split_queue.go:97  splitting range=1 [/Min-/Max) at keys [/Table/11/0 /Table/12/0 /Table/13/0 /Table/14/0]
I160622 19:44:30.807834 storage/replica_command.go:2127  initiating a split of range=1 [/Min-/Max) at key /Table/11
I160622 19:44:30.809578 server/updates.go:156  No previous updates check time.
I160622 19:44:30.817323 storage/replica_command.go:1576  range 2: new leader lease replica {1 1 1} 1970-01-01 00:00:00 +0000 UTC 407399h44m35.405713715s following replica {0 0 0} 1970-01-01 00:00:00 +0000 UTC 0 [physicalTime=2016-06-22 23:44:30.81722528 +0000 UTC]
I160622 19:44:30.817446 storage/replica_command.go:2127  initiating a split of range=2 [/Table/11-/Max) at key /Table/12
I160622 19:44:30.821648 storage/replica_command.go:1576  range 3: new leader lease replica {1 1 1} 1970-01-01 00:00:00 +0000 UTC 407399h44m35.405713715s following replica {0 0 0} 1970-01-01 00:00:00 +0000 UTC 0 [physicalTime=2016-06-22 23:44:30.821610585 +0000 UTC]
I160622 19:44:30.821741 storage/replica_command.go:2127  initiating a split of range=3 [/Table/12-/Max) at key /Table/13
I160622 19:44:30.850488 storage/replica_command.go:1576  range 4: new leader lease replica {1 1 1} 1970-01-01 00:00:00 +0000 UTC 407399h44m35.405713715s following replica {0 0 0} 1970-01-01 00:00:00 +0000 UTC 0 [physicalTime=2016-06-22 23:44:30.850447079 +0000 UTC]
I160622 19:44:30.850601 storage/replica_command.go:2127  initiating a split of range=4 [/Table/13-/Max) at key /Table/14
panic: runtime error: index out of range

goroutine 123 [running]:
panic(0x540c440, 0xc82000a0b0)
	/var/folders/pj/99_s_zrd5tx0fv6pkqjzstkw0000gn/T/go-fuzz-build196567171/src/runtime/panic.go:481 +0x3e6
github.com/cockroachdb/cockroach/sql/pgwire.(*readBuffer).getPrepareType(0xc820130328, 0x0, 0x0, 0x0)
	/var/folders/pj/99_s_zrd5tx0fv6pkqjzstkw0000gn/T/go-fuzz-build196567171/src/github.com/cockroachdb/cockroach/sql/pgwire/encoding.go:117 +0x72
github.com/cockroachdb/cockroach/sql/pgwire.(*v3Conn).handleDescribe(0xc820130300, 0xc820130328, 0x0, 0x0)
	/var/folders/pj/99_s_zrd5tx0fv6pkqjzstkw0000gn/T/go-fuzz-build196567171/src/github.com/cockroachdb/cockroach/sql/pgwire/v3.go:414 +0x45
github.com/cockroachdb/cockroach/sql/pgwire.(*v3Conn).serve(0xc820130300, 0x0, 0x0, 0x0)
	/var/folders/pj/99_s_zrd5tx0fv6pkqjzstkw0000gn/T/go-fuzz-build196567171/src/github.com/cockroachdb/cockroach/sql/pgwire/v3.go:286 +0xebd
github.com/cockroachdb/cockroach/sql/pgwire.(*Server).ServeConn(0xc8201386f0, 0xb2c6ef0, 0xc8200bdad0, 0x0, 0x0)
	/var/folders/pj/99_s_zrd5tx0fv6pkqjzstkw0000gn/T/go-fuzz-build196567171/src/github.com/cockroachdb/cockroach/sql/pgwire/server.go:226 +0x9d9
github.com/cockroachdb/cockroach/server.(*Server).Start.func8.1(0xb2c6ef0, 0xc8200bdad0)
	/var/folders/pj/99_s_zrd5tx0fv6pkqjzstkw0000gn/T/go-fuzz-build196567171/src/github.com/cockroachdb/cockroach/server/server.go:370 +0x42
github.com/cockroachdb/cockroach/util.(*Server).ServeWith.func1(0xc8200282f8, 0xb2c6ef0, 0xc8200bdad0, 0xc820137160)
	/var/folders/pj/99_s_zrd5tx0fv6pkqjzstkw0000gn/T/go-fuzz-build196567171/src/github.com/cockroachdb/cockroach/util/net.go:131 +0x62
created by github.com/cockroachdb/cockroach/util.(*Server).ServeWith
	/var/folders/pj/99_s_zrd5tx0fv6pkqjzstkw0000gn/T/go-fuzz-build196567171/src/github.com/cockroachdb/cockroach/util/net.go:133 +0x333

goroutine 1 [sleep]:
time.Sleep(0xf4240)
	/var/folders/pj/99_s_zrd5tx0fv6pkqjzstkw0000gn/T/go-fuzz-build196567171/src/runtime/time.go:59 +0xf9
github.com/cockroachdb/go-fuzz/examples/pgwire.Fuzz(0xcc10000, 0x5, 0x200000, 0x0)
	/var/folders/pj/99_s_zrd5tx0fv6pkqjzstkw0000gn/T/go-fuzz-build196567171/src/github.com/cockroachdb/go-fuzz/examples/pgwire/main.go:89 +0x6e3
go-fuzz-dep.Main(0x5950e00)
	/var/folders/pj/99_s_zrd5tx0fv6pkqjzstkw0000gn/T/go-fuzz-build196567171/src/go-fuzz-dep/main.go:49 +0x14c
main.main()
	/var/folders/pj/99_s_zrd5tx0fv6pkqjzstkw0000gn/T/go-fuzz-build196567171/src/go.fuzz.main/main.go:10 +0x23

goroutine 17 [syscall, locked to thread]:
runtime.goexit()
	/var/folders/pj/99_s_zrd5tx0fv6pkqjzstkw0000gn/T/go-fuzz-build196567171/src/runtime/asm_amd64.s:1998 +0x1

goroutine 7 [chan receive]:
github.com/cockroachdb/cockroach/storage/engine.(*RocksDB).Open.func1(0xc82005e4e0)
	/var/folders/pj/99_s_zrd5tx0fv6pkqjzstkw0000gn/T/go-fuzz-build196567171/src/github.com/cockroachdb/cockroach/storage/engine/rocksdb.go:172 +0x3a
created by github.com/cockroachdb/cockroach/storage/engine.(*RocksDB).Open
	/var/folders/pj/99_s_zrd5tx0fv6pkqjzstkw0000gn/T/go-fuzz-build196567171/src/github.com/cockroachdb/cockroach/storage/engine/rocksdb.go:173 +0xa08

goroutine 19 [chan receive]:
github.com/cockroachdb/cockroach/util/log.(*loggingT).flushDaemon(0x61f7a40)
	/var/folders/pj/99_s_zrd5tx0fv6pkqjzstkw0000gn/T/go-fuzz-build196567171/src/github.com/cockroachdb/cockroach/util/log/clog.go:1011 +0x64
created by github.com/cockroachdb/cockroach/util/log.init.1
	/var/folders/pj/99_s_zrd5tx0fv6pkqjzstkw0000gn/T/go-fuzz-build196567171/src/github.com/cockroachdb/cockroach/util/log/clog.go:598 +0x8a

goroutine 8 [chan receive]:
github.com/cockroachdb/cockroach/rpc.NewContext.func1()
	/var/folders/pj/99_s_zrd5tx0fv6pkqjzstkw0000gn/T/go-fuzz-build196567171/src/github.com/cockroachdb/cockroach/rpc/context.go:104 +0x57
github.com/cockroachdb/cockroach/util/stop.(*Stopper).RunWorker.func1(0xc820054070, 0xc8200b9be0)
	/var/folders/pj/99_s_zrd5tx0fv6pkqjzstkw0000gn/T/go-fuzz-build196567171/src/github.com/cockroachdb/cockroach/util/stop/stopper.go:139 +0x52
created by github.com/cockroachdb/cockroach/util/stop.(*Stopper).RunWorker
	/var/folders/pj/99_s_zrd5tx0fv6pkqjzstkw0000gn/T/go-fuzz-build196567171/src/github.com/cockroachdb/cockroach/util/stop/stopper.go:140 +0x62

goroutine 9 [select]:
github.com/cockroachdb/cockroach/storage.(*StorePool).start.func1()
	/var/folders/pj/99_s_zrd5tx0fv6pkqjzstkw0000gn/T/go-fuzz-build196567171/src/github.com/cockroachdb/cockroach/storage/store_pool.go:284 +0x23f
github.com/cockroachdb/cockroach/util/stop.(*Stopper).RunWorker.func1(0xc820054070, 0xc8200b9e80)
	/var/folders/pj/99_s_zrd5tx0fv6pkqjzstkw0000gn/T/go-fuzz-build196567171/src/github.com/cockroachdb/cockroach/util/stop/stopper.go:139 +0x52
created by github.com/cockroachdb/cockroach/util/stop.(*Stopper).RunWorker
	/var/folders/pj/99_s_zrd5tx0fv6pkqjzstkw0000gn/T/go-fuzz-build196567171/src/github.com/cockroachdb/cockroach/util/stop/stopper.go:140 +0x62

goroutine 10 [select]:
github.com/cockroachdb/cockroach/kv.(*TxnCoordSender).startStats(0xc82005f0e0)
	/var/folders/pj/99_s_zrd5tx0fv6pkqjzstkw0000gn/T/go-fuzz-build196567171/src/github.com/cockroachdb/cockroach/kv/txn_coord_sender.go:203 +0xd62
github.com/cockroachdb/cockroach/kv.(*TxnCoordSender).(github.com/cockroachdb/cockroach/kv.startStats)-fm()
	/var/folders/pj/99_s_zrd5tx0fv6pkqjzstkw0000gn/T/go-fuzz-build196567171/src/github.com/cockroachdb/cockroach/kv/txn_coord_sender.go:188 +0x20
github.com/cockroachdb/cockroach/util/stop.(*Stopper).RunWorker.func1(0xc820054070, 0xc82014c500)
	/var/folders/pj/99_s_zrd5tx0fv6pkqjzstkw0000gn/T/go-fuzz-build196567171/src/github.com/cockroachdb/cockroach/util/stop/stopper.go:139 +0x52
created by github.com/cockroachdb/cockroach/util/stop.(*Stopper).RunWorker
	/var/folders/pj/99_s_zrd5tx0fv6pkqjzstkw0000gn/T/go-fuzz-build196567171/src/github.com/cockroachdb/cockroach/util/stop/stopper.go:140 +0x62

goroutine 11 [select]:
github.com/cockroachdb/cockroach/sql.(*LeaseManager).RefreshLeases.func1()
	/var/folders/pj/99_s_zrd5tx0fv6pkqjzstkw0000gn/T/go-fuzz-build196567171/src/github.com/cockroachdb/cockroach/sql/lease.go:1072 +0xfe8
github.com/cockroachdb/cockroach/util/stop.(*Stopper).RunWorker.func1(0xc820054070, 0xc820138510)
	/var/folders/pj/99_s_zrd5tx0fv6pkqjzstkw0000gn/T/go-fuzz-build196567171/src/github.com/cockroachdb/cockroach/util/stop/stopper.go:139 +0x52
created by github.com/cockroachdb/cockroach/util/stop.(*Stopper).RunWorker
	/var/folders/pj/99_s_zrd5tx0fv6pkqjzstkw0000gn/T/go-fuzz-build196567171/src/github.com/cockroachdb/cockroach/util/stop/stopper.go:140 +0x62

goroutine 12 [select]:
github.com/cockroachdb/cockroach/sql.NewExecutor.func1()
	/var/folders/pj/99_s_zrd5tx0fv6pkqjzstkw0000gn/T/go-fuzz-build196567171/src/github.com/cockroachdb/cockroach/sql/executor.go:253 +0x15c
github.com/cockroachdb/cockroach/util/stop.(*Stopper).RunWorker.func1(0xc820054070, 0xc820011c20)
	/var/folders/pj/99_s_zrd5tx0fv6pkqjzstkw0000gn/T/go-fuzz-build196567171/src/github.com/cockroachdb/cockroach/util/stop/stopper.go:139 +0x52
created by github.com/cockroachdb/cockroach/util/stop.(*Stopper).RunWorker
	/var/folders/pj/99_s_zrd5tx0fv6pkqjzstkw0000gn/T/go-fuzz-build196567171/src/github.com/cockroachdb/cockroach/util/stop/stopper.go:140 +0x62

goroutine 13 [chan receive]:
github.com/cockroachdb/cockroach/util.MakeServer.func2()
	/var/folders/pj/99_s_zrd5tx0fv6pkqjzstkw0000gn/T/go-fuzz-build196567171/src/github.com/cockroachdb/cockroach/util/net.go:94 +0x60
github.com/cockroachdb/cockroach/util/stop.(*Stopper).RunWorker.func1(0xc820054070, 0xc82013e320)
	/var/folders/pj/99_s_zrd5tx0fv6pkqjzstkw0000gn/T/go-fuzz-build196567171/src/github.com/cockroachdb/cockroach/util/stop/stopper.go:139 +0x52
created by github.com/cockroachdb/cockroach/util/stop.(*Stopper).RunWorker
	/var/folders/pj/99_s_zrd5tx0fv6pkqjzstkw0000gn/T/go-fuzz-build196567171/src/github.com/cockroachdb/cockroach/util/stop/stopper.go:140 +0x62

goroutine 14 [chan receive]:
github.com/cockroachdb/cockroach/util.MakeServer.func2()
	/var/folders/pj/99_s_zrd5tx0fv6pkqjzstkw0000gn/T/go-fuzz-build196567171/src/github.com/cockroachdb/cockroach/util/net.go:94 +0x60
github.com/cockroachdb/cockroach/util/stop.(*Stopper).RunWorker.func1(0xc820054070, 0xc82013e3a0)
	/var/folders/pj/99_s_zrd5tx0fv6pkqjzstkw0000gn/T/go-fuzz-build196567171/src/github.com/cockroachdb/cockroach/util/stop/stopper.go:139 +0x52
created by github.com/cockroachdb/cockroach/util/stop.(*Stopper).RunWorker
	/var/folders/pj/99_s_zrd5tx0fv6pkqjzstkw0000gn/T/go-fuzz-build196567171/src/github.com/cockroachdb/cockroach/util/stop/stopper.go:140 +0x62

goroutine 15 [chan receive]:
github.com/cockroachdb/cockroach/server.(*Server).Start.func2()
	/var/folders/pj/99_s_zrd5tx0fv6pkqjzstkw0000gn/T/go-fuzz-build196567171/src/github.com/cockroachdb/cockroach/server/server.go:317 +0x62
github.com/cockroachdb/cockroach/util/stop.(*Stopper).RunWorker.func1(0xc820054070, 0xc82013e440)
	/var/folders/pj/99_s_zrd5tx0fv6pkqjzstkw0000gn/T/go-fuzz-build196567171/src/github.com/cockroachdb/cockroach/util/stop/stopper.go:139 +0x52
created by github.com/cockroachdb/cockroach/util/stop.(*Stopper).RunWorker
	/var/folders/pj/99_s_zrd5tx0fv6pkqjzstkw0000gn/T/go-fuzz-build196567171/src/github.com/cockroachdb/cockroach/util/stop/stopper.go:140 +0x62

goroutine 16 [chan receive]:
github.com/cockroachdb/cockroach/server.(*Server).Start.func3()
	/var/folders/pj/99_s_zrd5tx0fv6pkqjzstkw0000gn/T/go-fuzz-build196567171/src/github.com/cockroachdb/cockroach/server/server.go:338 +0x59
github.com/cockroachdb/cockroach/util/stop.(*Stopper).RunWorker.func1(0xc820054070, 0xc82013e520)
	/var/folders/pj/99_s_zrd5tx0fv6pkqjzstkw0000gn/T/go-fuzz-build196567171/src/github.com/cockroachdb/cockroach/util/stop/stopper.go:139 +0x52
created by github.com/cockroachdb/cockroach/util/stop.(*Stopper).RunWorker
	/var/folders/pj/99_s_zrd5tx0fv6pkqjzstkw0000gn/T/go-fuzz-build196567171/src/github.com/cockroachdb/cockroach/util/stop/stopper.go:140 +0x62

goroutine 50 [IO wait]:
net.runtime_pollWait(0xb2b6148, 0x72, 0xb2b0028)
	/var/folders/pj/99_s_zrd5tx0fv6pkqjzstkw0000gn/T/go-fuzz-build196567171/src/runtime/netpoll.go:160 +0x60
net.(*pollDesc).Wait(0xc820054b50, 0x72, 0x0, 0x0)
	/var/folders/pj/99_s_zrd5tx0fv6pkqjzstkw0000gn/T/go-fuzz-build196567171/src/net/fd_poll_runtime.go:73 +0x3a
net.(*pollDesc).WaitRead(0xc820054b50, 0x0, 0x0)
	/var/folders/pj/99_s_zrd5tx0fv6pkqjzstkw0000gn/T/go-fuzz-build196567171/src/net/fd_poll_runtime.go:78 +0x36
net.(*netFD).accept(0xc820054af0, 0x0, 0xb2b7b28, 0xc820434a00)
	/var/folders/pj/99_s_zrd5tx0fv6pkqjzstkw0000gn/T/go-fuzz-build196567171/src/net/fd_unix.go:426 +0x27c
net.(*TCPListener).AcceptTCP(0xc820028318, 0x1, 0x0, 0x0)
	/var/folders/pj/99_s_zrd5tx0fv6pkqjzstkw0000gn/T/go-fuzz-build196567171/src/net/tcpsock_posix.go:254 +0x4d
net.(*TCPListener).Accept(0xc820028318, 0x0, 0x0, 0x0, 0x0)
	/var/folders/pj/99_s_zrd5tx0fv6pkqjzstkw0000gn/T/go-fuzz-build196567171/src/net/tcpsock_posix.go:264 +0x3d
net/http.(*Server).Serve(0xc82007eb00, 0xb2b5260, 0xc820028318, 0x0, 0x0)
	/var/folders/pj/99_s_zrd5tx0fv6pkqjzstkw0000gn/T/go-fuzz-build196567171/src/net/http/server.go:2117 +0x129
github.com/cockroachdb/cockroach/server.(*Server).Start.func6()
	/var/folders/pj/99_s_zrd5tx0fv6pkqjzstkw0000gn/T/go-fuzz-build196567171/src/github.com/cockroachdb/cockroach/server/server.go:361 +0x3a
github.com/cockroachdb/cockroach/util/stop.(*Stopper).RunWorker.func1(0xc820054070, 0xc82013e540)
	/var/folders/pj/99_s_zrd5tx0fv6pkqjzstkw0000gn/T/go-fuzz-build196567171/src/github.com/cockroachdb/cockroach/util/stop/stopper.go:139 +0x52
created by github.com/cockroachdb/cockroach/util/stop.(*Stopper).RunWorker
	/var/folders/pj/99_s_zrd5tx0fv6pkqjzstkw0000gn/T/go-fuzz-build196567171/src/github.com/cockroachdb/cockroach/util/stop/stopper.go:140 +0x62

goroutine 51 [chan receive]:
github.com/cockroachdb/cmux.(*muxListener).Accept(0xc82013e480, 0x0, 0x0, 0x0, 0x0)
	<autogenerated>:9 +0x125
google.golang.org/grpc.(*Server).Serve(0xc82006a1b0, 0xb2b6300, 0xc82013e480, 0x0, 0x0)
	/var/folders/pj/99_s_zrd5tx0fv6pkqjzstkw0000gn/T/go-fuzz-build196567171/src/google.golang.org/grpc/server.go:281 +0x1cf
github.com/cockroachdb/cockroach/server.(*Server).Start.func7()
	/var/folders/pj/99_s_zrd5tx0fv6pkqjzstkw0000gn/T/go-fuzz-build196567171/src/github.com/cockroachdb/cockroach/server/server.go:365 +0x46
github.com/cockroachdb/cockroach/util/stop.(*Stopper).RunWorker.func1(0xc820054070, 0xc82013e560)
	/var/folders/pj/99_s_zrd5tx0fv6pkqjzstkw0000gn/T/go-fuzz-build196567171/src/github.com/cockroachdb/cockroach/util/stop/stopper.go:139 +0x52
created by github.com/cockroachdb/cockroach/util/stop.(*Stopper).RunWorker
	/var/folders/pj/99_s_zrd5tx0fv6pkqjzstkw0000gn/T/go-fuzz-build196567171/src/github.com/cockroachdb/cockroach/util/stop/stopper.go:140 +0x62

goroutine 52 [chan receive]:
github.com/cockroachdb/cmux.(*muxListener).Accept(0xc82013e460, 0x0, 0x0, 0x0, 0x0)
	<autogenerated>:9 +0x125
github.com/cockroachdb/cockroach/util.(*Server).ServeWith(0xc8200282f8, 0xb2b6300, 0xc82013e460, 0xc820137160, 0x0, 0x0)
	/var/folders/pj/99_s_zrd5tx0fv6pkqjzstkw0000gn/T/go-fuzz-build196567171/src/github.com/cockroachdb/cockroach/util/net.go:111 +0x67
github.com/cockroachdb/cockroach/server.(*Server).Start.func8()
	/var/folders/pj/99_s_zrd5tx0fv6pkqjzstkw0000gn/T/go-fuzz-build196567171/src/github.com/cockroachdb/cockroach/server/server.go:373 +0x9b
github.com/cockroachdb/cockroach/util/stop.(*Stopper).RunWorker.func1(0xc820054070, 0xc820138cc0)
	/var/folders/pj/99_s_zrd5tx0fv6pkqjzstkw0000gn/T/go-fuzz-build196567171/src/github.com/cockroachdb/cockroach/util/stop/stopper.go:139 +0x52
created by github.com/cockroachdb/cockroach/util/stop.(*Stopper).RunWorker
	/var/folders/pj/99_s_zrd5tx0fv6pkqjzstkw0000gn/T/go-fuzz-build196567171/src/github.com/cockroachdb/cockroach/util/stop/stopper.go:140 +0x62

goroutine 53 [chan receive]:
github.com/cockroachdb/cockroach/gossip.(*server).start.func3()
	/var/folders/pj/99_s_zrd5tx0fv6pkqjzstkw0000gn/T/go-fuzz-build196567171/src/github.com/cockroachdb/cockroach/gossip/server.go:298 +0x5c
github.com/cockroachdb/cockroach/util/stop.(*Stopper).RunWorker.func1(0xc820054070, 0xc82013e5e0)
	/var/folders/pj/99_s_zrd5tx0fv6pkqjzstkw0000gn/T/go-fuzz-build196567171/src/github.com/cockroachdb/cockroach/util/stop/stopper.go:139 +0x52
created by github.com/cockroachdb/cockroach/util/stop.(*Stopper).RunWorker
	/var/folders/pj/99_s_zrd5tx0fv6pkqjzstkw0000gn/T/go-fuzz-build196567171/src/github.com/cockroachdb/cockroach/util/stop/stopper.go:140 +0x62

goroutine 54 [select]:
github.com/cockroachdb/cockroach/gossip.(*Gossip).bootstrap.func1()
	/var/folders/pj/99_s_zrd5tx0fv6pkqjzstkw0000gn/T/go-fuzz-build196567171/src/github.com/cockroachdb/cockroach/gossip/gossip.go:759 +0x26b
github.com/cockroachdb/cockroach/util/stop.(*Stopper).RunWorker.func1(0xc820054070, 0xc82013e600)
	/var/folders/pj/99_s_zrd5tx0fv6pkqjzstkw0000gn/T/go-fuzz-build196567171/src/github.com/cockroachdb/cockroach/util/stop/stopper.go:139 +0x52
created by github.com/cockroachdb/cockroach/util/stop.(*Stopper).RunWorker
	/var/folders/pj/99_s_zrd5tx0fv6pkqjzstkw0000gn/T/go-fuzz-build196567171/src/github.com/cockroachdb/cockroach/util/stop/stopper.go:140 +0x62

goroutine 55 [select]:
github.com/cockroachdb/cockroach/gossip.(*Gossip).manage.func1()
	/var/folders/pj/99_s_zrd5tx0fv6pkqjzstkw0000gn/T/go-fuzz-build196567171/src/github.com/cockroachdb/cockroach/gossip/gossip.go:796 +0x33b
github.com/cockroachdb/cockroach/util/stop.(*Stopper).RunWorker.func1(0xc820054070, 0xc82013e620)
	/var/folders/pj/99_s_zrd5tx0fv6pkqjzstkw0000gn/T/go-fuzz-build196567171/src/github.com/cockroachdb/cockroach/util/stop/stopper.go:139 +0x52
created by github.com/cockroachdb/cockroach/util/stop.(*Stopper).RunWorker
	/var/folders/pj/99_s_zrd5tx0fv6pkqjzstkw0000gn/T/go-fuzz-build196567171/src/github.com/cockroachdb/cockroach/util/stop/stopper.go:140 +0x62

goroutine 56 [select]:
github.com/cockroachdb/cockroach/storage.(*bookie).start.func1()
	/var/folders/pj/99_s_zrd5tx0fv6pkqjzstkw0000gn/T/go-fuzz-build196567171/src/github.com/cockroachdb/cockroach/storage/reservation.go:254 +0x262
github.com/cockroachdb/cockroach/util/stop.(*Stopper).RunWorker.func1(0xc820054070, 0xc82013e840)
	/var/folders/pj/99_s_zrd5tx0fv6pkqjzstkw0000gn/T/go-fuzz-build196567171/src/github.com/cockroachdb/cockroach/util/stop/stopper.go:139 +0x52
created by github.com/cockroachdb/cockroach/util/stop.(*Stopper).RunWorker
	/var/folders/pj/99_s_zrd5tx0fv6pkqjzstkw0000gn/T/go-fuzz-build196567171/src/github.com/cockroachdb/cockroach/util/stop/stopper.go:140 +0x62

goroutine 85 [select]:
github.com/cockroachdb/cockroach/server.(*Node).startComputePeriodicMetrics.func1()
	/var/folders/pj/99_s_zrd5tx0fv6pkqjzstkw0000gn/T/go-fuzz-build196567171/src/github.com/cockroachdb/cockroach/server/node.go:604 +0x23b
github.com/cockroachdb/cockroach/util/stop.(*Stopper).RunWorker.func1(0xc820054070, 0xc8204a67e0)
	/var/folders/pj/99_s_zrd5tx0fv6pkqjzstkw0000gn/T/go-fuzz-build196567171/src/github.com/cockroachdb/cockroach/util/stop/stopper.go:139 +0x52
created by github.com/cockroachdb/cockroach/util/stop.(*Stopper).RunWorker
	/var/folders/pj/99_s_zrd5tx0fv6pkqjzstkw0000gn/T/go-fuzz-build196567171/src/github.com/cockroachdb/cockroach/util/stop/stopper.go:140 +0x62

goroutine 63 [select]:
github.com/cockroachdb/cockroach/storage.(*bookie).start.func1()
	/var/folders/pj/99_s_zrd5tx0fv6pkqjzstkw0000gn/T/go-fuzz-build196567171/src/github.com/cockroachdb/cockroach/storage/reservation.go:254 +0x262
github.com/cockroachdb/cockroach/util/stop.(*Stopper).RunWorker.func1(0xc820054070, 0xc820435800)
	/var/folders/pj/99_s_zrd5tx0fv6pkqjzstkw0000gn/T/go-fuzz-build196567171/src/github.com/cockroachdb/cockroach/util/stop/stopper.go:139 +0x52
created by github.com/cockroachdb/cockroach/util/stop.(*Stopper).RunWorker
	/var/folders/pj/99_s_zrd5tx0fv6pkqjzstkw0000gn/T/go-fuzz-build196567171/src/github.com/cockroachdb/cockroach/util/stop/stopper.go:140 +0x62

goroutine 67 [select]:
github.com/cockroachdb/cockroach/storage.(*Store).Start.func4()
	/var/folders/pj/99_s_zrd5tx0fv6pkqjzstkw0000gn/T/go-fuzz-build196567171/src/github.com/cockroachdb/cockroach/storage/store.go:970 +0x13d
github.com/cockroachdb/cockroach/util/stop.(*Stopper).RunWorker.func1(0xc820054070, 0xc820435b40)
	/var/folders/pj/99_s_zrd5tx0fv6pkqjzstkw0000gn/T/go-fuzz-build196567171/src/github.com/cockroachdb/cockroach/util/stop/stopper.go:139 +0x52
created by github.com/cockroachdb/cockroach/util/stop.(*Stopper).RunWorker
	/var/folders/pj/99_s_zrd5tx0fv6pkqjzstkw0000gn/T/go-fuzz-build196567171/src/github.com/cockroachdb/cockroach/util/stop/stopper.go:140 +0x62

goroutine 65 [select]:
github.com/cockroachdb/cockroach/storage.(*Store).processRaft.func1()
	/var/folders/pj/99_s_zrd5tx0fv6pkqjzstkw0000gn/T/go-fuzz-build196567171/src/github.com/cockroachdb/cockroach/storage/store.go:2112 +0xbf1
github.com/cockroachdb/cockroach/util/stop.(*Stopper).RunWorker.func1(0xc820054070, 0xc820223df0)
	/var/folders/pj/99_s_zrd5tx0fv6pkqjzstkw0000gn/T/go-fuzz-build196567171/src/github.com/cockroachdb/cockroach/util/stop/stopper.go:139 +0x52
created by github.com/cockroachdb/cockroach/util/stop.(*Stopper).RunWorker
	/var/folders/pj/99_s_zrd5tx0fv6pkqjzstkw0000gn/T/go-fuzz-build196567171/src/github.com/cockroachdb/cockroach/util/stop/stopper.go:140 +0x62

goroutine 68 [select]:
github.com/cockroachdb/cockroach/storage.(*Store).startGossip.func1()
	/var/folders/pj/99_s_zrd5tx0fv6pkqjzstkw0000gn/T/go-fuzz-build196567171/src/github.com/cockroachdb/cockroach/storage/store.go:1041 +0x3cf
github.com/cockroachdb/cockroach/util/stop.(*Stopper).RunWorker.func1(0xc820054070, 0xc820435b60)
	/var/folders/pj/99_s_zrd5tx0fv6pkqjzstkw0000gn/T/go-fuzz-build196567171/src/github.com/cockroachdb/cockroach/util/stop/stopper.go:139 +0x52
created by github.com/cockroachdb/cockroach/util/stop.(*Stopper).RunWorker
	/var/folders/pj/99_s_zrd5tx0fv6pkqjzstkw0000gn/T/go-fuzz-build196567171/src/github.com/cockroachdb/cockroach/util/stop/stopper.go:140 +0x62

goroutine 69 [select]:
github.com/cockroachdb/cockroach/storage.(*Store).startGossip.func2()
	/var/folders/pj/99_s_zrd5tx0fv6pkqjzstkw0000gn/T/go-fuzz-build196567171/src/github.com/cockroachdb/cockroach/storage/store.go:1060 +0x3cf
github.com/cockroachdb/cockroach/util/stop.(*Stopper).RunWorker.func1(0xc820054070, 0xc820435b80)
	/var/folders/pj/99_s_zrd5tx0fv6pkqjzstkw0000gn/T/go-fuzz-build196567171/src/github.com/cockroachdb/cockroach/util/stop/stopper.go:139 +0x52
created by github.com/cockroachdb/cockroach/util/stop.(*Stopper).RunWorker
	/var/folders/pj/99_s_zrd5tx0fv6pkqjzstkw0000gn/T/go-fuzz-build196567171/src/github.com/cockroachdb/cockroach/util/stop/stopper.go:140 +0x62

goroutine 83 [select]:
github.com/cockroachdb/cockroach/storage.(*baseQueue).processLoop.func1()
	/var/folders/pj/99_s_zrd5tx0fv6pkqjzstkw0000gn/T/go-fuzz-build196567171/src/github.com/cockroachdb/cockroach/storage/queue.go:359 +0x303
github.com/cockroachdb/cockroach/util/stop.(*Stopper).RunWorker.func1(0xc820054070, 0xc8204a6720)
	/var/folders/pj/99_s_zrd5tx0fv6pkqjzstkw0000gn/T/go-fuzz-build196567171/src/github.com/cockroachdb/cockroach/util/stop/stopper.go:139 +0x52
created by github.com/cockroachdb/cockroach/util/stop.(*Stopper).RunWorker
	/var/folders/pj/99_s_zrd5tx0fv6pkqjzstkw0000gn/T/go-fuzz-build196567171/src/github.com/cockroachdb/cockroach/util/stop/stopper.go:140 +0x62

goroutine 86 [select]:
github.com/cockroachdb/cockroach/server.(*Node).startGossip.func1()
	/var/folders/pj/99_s_zrd5tx0fv6pkqjzstkw0000gn/T/go-fuzz-build196567171/src/github.com/cockroachdb/cockroach/server/node.go:571 +0x406
github.com/cockroachdb/cockroach/util/stop.(*Stopper).RunWorker.func1(0xc820054070, 0xc8204a6800)
	/var/folders/pj/99_s_zrd5tx0fv6pkqjzstkw0000gn/T/go-fuzz-build196567171/src/github.com/cockroachdb/cockroach/util/stop/stopper.go:139 +0x52
created by github.com/cockroachdb/cockroach/util/stop.(*Stopper).RunWorker
	/var/folders/pj/99_s_zrd5tx0fv6pkqjzstkw0000gn/T/go-fuzz-build196567171/src/github.com/cockroachdb/cockroach/util/stop/stopper.go:140 +0x62

goroutine 96 [select]:
github.com/cockroachdb/cockroach/storage.(*idAllocator).start.func1()
	/var/folders/pj/99_s_zrd5tx0fv6pkqjzstkw0000gn/T/go-fuzz-build196567171/src/github.com/cockroachdb/cockroach/storage/id_alloc.go:123 +0x86a
github.com/cockroachdb/cockroach/util/stop.(*Stopper).RunWorker.func1(0xc820054070, 0xc82049fd80)
	/var/folders/pj/99_s_zrd5tx0fv6pkqjzstkw0000gn/T/go-fuzz-build196567171/src/github.com/cockroachdb/cockroach/util/stop/stopper.go:139 +0x52
created by github.com/cockroachdb/cockroach/util/stop.(*Stopper).RunWorker
	/var/folders/pj/99_s_zrd5tx0fv6pkqjzstkw0000gn/T/go-fuzz-build196567171/src/github.com/cockroachdb/cockroach/util/stop/stopper.go:140 +0x62

goroutine 76 [select]:
github.com/cockroachdb/cockroach/storage.(*baseQueue).processLoop.func1()
	/var/folders/pj/99_s_zrd5tx0fv6pkqjzstkw0000gn/T/go-fuzz-build196567171/src/github.com/cockroachdb/cockroach/storage/queue.go:359 +0x303
github.com/cockroachdb/cockroach/util/stop.(*Stopper).RunWorker.func1(0xc820054070, 0xc8204a6600)
	/var/folders/pj/99_s_zrd5tx0fv6pkqjzstkw0000gn/T/go-fuzz-build196567171/src/github.com/cockroachdb/cockroach/util/stop/stopper.go:139 +0x52
created by github.com/cockroachdb/cockroach/util/stop.(*Stopper).RunWorker
	/var/folders/pj/99_s_zrd5tx0fv6pkqjzstkw0000gn/T/go-fuzz-build196567171/src/github.com/cockroachdb/cockroach/util/stop/stopper.go:140 +0x62

goroutine 77 [select]:
github.com/cockroachdb/cockroach/storage.(*baseQueue).processLoop.func1()
	/var/folders/pj/99_s_zrd5tx0fv6pkqjzstkw0000gn/T/go-fuzz-build196567171/src/github.com/cockroachdb/cockroach/storage/queue.go:359 +0x303
github.com/cockroachdb/cockroach/util/stop.(*Stopper).RunWorker.func1(0xc820054070, 0xc8204a6620)
	/var/folders/pj/99_s_zrd5tx0fv6pkqjzstkw0000gn/T/go-fuzz-build196567171/src/github.com/cockroachdb/cockroach/util/stop/stopper.go:139 +0x52
created by github.com/cockroachdb/cockroach/util/stop.(*Stopper).RunWorker
	/var/folders/pj/99_s_zrd5tx0fv6pkqjzstkw0000gn/T/go-fuzz-build196567171/src/github.com/cockroachdb/cockroach/util/stop/stopper.go:140 +0x62

goroutine 78 [select]:
github.com/cockroachdb/cockroach/storage.(*baseQueue).processLoop.func1()
	/var/folders/pj/99_s_zrd5tx0fv6pkqjzstkw0000gn/T/go-fuzz-build196567171/src/github.com/cockroachdb/cockroach/storage/queue.go:359 +0x303
github.com/cockroachdb/cockroach/util/stop.(*Stopper).RunWorker.func1(0xc820054070, 0xc8204a6640)
	/var/folders/pj/99_s_zrd5tx0fv6pkqjzstkw0000gn/T/go-fuzz-build196567171/src/github.com/cockroachdb/cockroach/util/stop/stopper.go:139 +0x52
created by github.com/cockroachdb/cockroach/util/stop.(*Stopper).RunWorker
	/var/folders/pj/99_s_zrd5tx0fv6pkqjzstkw0000gn/T/go-fuzz-build196567171/src/github.com/cockroachdb/cockroach/util/stop/stopper.go:140 +0x62

goroutine 79 [select]:
github.com/cockroachdb/cockroach/storage.(*baseQueue).processLoop.func1()
	/var/folders/pj/99_s_zrd5tx0fv6pkqjzstkw0000gn/T/go-fuzz-build196567171/src/github.com/cockroachdb/cockroach/storage/queue.go:359 +0x303
github.com/cockroachdb/cockroach/util/stop.(*Stopper).RunWorker.func1(0xc820054070, 0xc8204a6660)
	/var/folders/pj/99_s_zrd5tx0fv6pkqjzstkw0000gn/T/go-fuzz-build196567171/src/github.com/cockroachdb/cockroach/util/stop/stopper.go:139 +0x52
created by github.com/cockroachdb/cockroach/util/stop.(*Stopper).RunWorker
	/var/folders/pj/99_s_zrd5tx0fv6pkqjzstkw0000gn/T/go-fuzz-build196567171/src/github.com/cockroachdb/cockroach/util/stop/stopper.go:140 +0x62

goroutine 80 [select]:
github.com/cockroachdb/cockroach/storage.(*baseQueue).processLoop.func1()
	/var/folders/pj/99_s_zrd5tx0fv6pkqjzstkw0000gn/T/go-fuzz-build196567171/src/github.com/cockroachdb/cockroach/storage/queue.go:359 +0x303
github.com/cockroachdb/cockroach/util/stop.(*Stopper).RunWorker.func1(0xc820054070, 0xc8204a6680)
	/var/folders/pj/99_s_zrd5tx0fv6pkqjzstkw0000gn/T/go-fuzz-build196567171/src/github.com/cockroachdb/cockroach/util/stop/stopper.go:139 +0x52
created by github.com/cockroachdb/cockroach/util/stop.(*Stopper).RunWorker
	/var/folders/pj/99_s_zrd5tx0fv6pkqjzstkw0000gn/T/go-fuzz-build196567171/src/github.com/cockroachdb/cockroach/util/stop/stopper.go:140 +0x62

goroutine 81 [select]:
github.com/cockroachdb/cockroach/storage.(*baseQueue).processLoop.func1()
	/var/folders/pj/99_s_zrd5tx0fv6pkqjzstkw0000gn/T/go-fuzz-build196567171/src/github.com/cockroachdb/cockroach/storage/queue.go:359 +0x303
github.com/cockroachdb/cockroach/util/stop.(*Stopper).RunWorker.func1(0xc820054070, 0xc8204a66a0)
	/var/folders/pj/99_s_zrd5tx0fv6pkqjzstkw0000gn/T/go-fuzz-build196567171/src/github.com/cockroachdb/cockroach/util/stop/stopper.go:139 +0x52
created by github.com/cockroachdb/cockroach/util/stop.(*Stopper).RunWorker
	/var/folders/pj/99_s_zrd5tx0fv6pkqjzstkw0000gn/T/go-fuzz-build196567171/src/github.com/cockroachdb/cockroach/util/stop/stopper.go:140 +0x62

goroutine 82 [select]:
github.com/cockroachdb/cockroach/storage.(*replicaScanner).waitAndProcess(0xc820462620, 0xecefd19de, 0x3012c6b0, 0x61f69e0, 0xc820013ec0, 0xc820054070, 0xc820460000, 0xc82031d698)
	/var/folders/pj/99_s_zrd5tx0fv6pkqjzstkw0000gn/T/go-fuzz-build196567171/src/github.com/cockroachdb/cockroach/storage/scanner.go:163 +0x5ae
github.com/cockroachdb/cockroach/storage.(*replicaScanner).scanLoop.func1.1(0xc820460000, 0xc820245f20)
	/var/folders/pj/99_s_zrd5tx0fv6pkqjzstkw0000gn/T/go-fuzz-build196567171/src/github.com/cockroachdb/cockroach/storage/scanner.go:209 +0x78
github.com/cockroachdb/cockroach/storage.(*storeRangeSet).Visit(0xc82045c000, 0xc820467ec0)
	/var/folders/pj/99_s_zrd5tx0fv6pkqjzstkw0000gn/T/go-fuzz-build196567171/src/github.com/cockroachdb/cockroach/storage/store.go:240 +0x279
github.com/cockroachdb/cockroach/storage.(*replicaScanner).scanLoop.func1()
	/var/folders/pj/99_s_zrd5tx0fv6pkqjzstkw0000gn/T/go-fuzz-build196567171/src/github.com/cockroachdb/cockroach/storage/scanner.go:211 +0x21e
github.com/cockroachdb/cockroach/util/stop.(*Stopper).RunWorker.func1(0xc820054070, 0xc8204a66c0)
	/var/folders/pj/99_s_zrd5tx0fv6pkqjzstkw0000gn/T/go-fuzz-build196567171/src/github.com/cockroachdb/cockroach/util/stop/stopper.go:139 +0x52
created by github.com/cockroachdb/cockroach/util/stop.(*Stopper).RunWorker
	/var/folders/pj/99_s_zrd5tx0fv6pkqjzstkw0000gn/T/go-fuzz-build196567171/src/github.com/cockroachdb/cockroach/util/stop/stopper.go:140 +0x62

goroutine 84 [select]:
github.com/cockroachdb/cockroach/storage.(*replicaScanner).waitAndProcess(0xc8204628c0, 0xecefd19de, 0x3012ed84, 0x61f69e0, 0xc820013ec0, 0xc820054070, 0xc820460000, 0xc82031d698)
	/var/folders/pj/99_s_zrd5tx0fv6pkqjzstkw0000gn/T/go-fuzz-build196567171/src/github.com/cockroachdb/cockroach/storage/scanner.go:163 +0x5ae
github.com/cockroachdb/cockroach/storage.(*replicaScanner).scanLoop.func1.1(0xc820460000, 0xc820245f20)
	/var/folders/pj/99_s_zrd5tx0fv6pkqjzstkw0000gn/T/go-fuzz-build196567171/src/github.com/cockroachdb/cockroach/storage/scanner.go:209 +0x78
github.com/cockroachdb/cockroach/storage.(*storeRangeSet).Visit(0xc82045c1b0, 0xc8204ac000)
	/var/folders/pj/99_s_zrd5tx0fv6pkqjzstkw0000gn/T/go-fuzz-build196567171/src/github.com/cockroachdb/cockroach/storage/store.go:240 +0x279
github.com/cockroachdb/cockroach/storage.(*replicaScanner).scanLoop.func1()
	/var/folders/pj/99_s_zrd5tx0fv6pkqjzstkw0000gn/T/go-fuzz-build196567171/src/github.com/cockroachdb/cockroach/storage/scanner.go:211 +0x21e
github.com/cockroachdb/cockroach/util/stop.(*Stopper).RunWorker.func1(0xc820054070, 0xc8204a6740)
	/var/folders/pj/99_s_zrd5tx0fv6pkqjzstkw0000gn/T/go-fuzz-build196567171/src/github.com/cockroachdb/cockroach/util/stop/stopper.go:139 +0x52
created by github.com/cockroachdb/cockroach/util/stop.(*Stopper).RunWorker
	/var/folders/pj/99_s_zrd5tx0fv6pkqjzstkw0000gn/T/go-fuzz-build196567171/src/github.com/cockroachdb/cockroach/util/stop/stopper.go:140 +0x62

goroutine 88 [select]:
github.com/cockroachdb/cockroach/server.(*Server).startSampleEnvironment.func1()
	/var/folders/pj/99_s_zrd5tx0fv6pkqjzstkw0000gn/T/go-fuzz-build196567171/src/github.com/cockroachdb/cockroach/server/server.go:556 +0x15d
github.com/cockroachdb/cockroach/util/stop.(*Stopper).RunWorker.func1(0xc820054070, 0xc8204a6900)
	/var/folders/pj/99_s_zrd5tx0fv6pkqjzstkw0000gn/T/go-fuzz-build196567171/src/github.com/cockroachdb/cockroach/util/stop/stopper.go:139 +0x52
created by github.com/cockroachdb/cockroach/util/stop.(*Stopper).RunWorker
	/var/folders/pj/99_s_zrd5tx0fv6pkqjzstkw0000gn/T/go-fuzz-build196567171/src/github.com/cockroachdb/cockroach/util/stop/stopper.go:140 +0x62

goroutine 89 [select]:
github.com/cockroachdb/cockroach/ts.(*poller).start.func1()
	/var/folders/pj/99_s_zrd5tx0fv6pkqjzstkw0000gn/T/go-fuzz-build196567171/src/github.com/cockroachdb/cockroach/ts/db.go:79 +0x150
github.com/cockroachdb/cockroach/util/stop.(*Stopper).RunWorker.func1(0xc820054070, 0xc82049f3f0)
	/var/folders/pj/99_s_zrd5tx0fv6pkqjzstkw0000gn/T/go-fuzz-build196567171/src/github.com/cockroachdb/cockroach/util/stop/stopper.go:139 +0x52
created by github.com/cockroachdb/cockroach/util/stop.(*Stopper).RunWorker
	/var/folders/pj/99_s_zrd5tx0fv6pkqjzstkw0000gn/T/go-fuzz-build196567171/src/github.com/cockroachdb/cockroach/util/stop/stopper.go:140 +0x62

goroutine 90 [select]:
github.com/cockroachdb/cockroach/server.(*Node).startWriteSummaries.func1()
	/var/folders/pj/99_s_zrd5tx0fv6pkqjzstkw0000gn/T/go-fuzz-build196567171/src/github.com/cockroachdb/cockroach/server/node.go:638 +0x35c
github.com/cockroachdb/cockroach/util/stop.(*Stopper).RunWorker.func1(0xc820054070, 0xc8204a6920)
	/var/folders/pj/99_s_zrd5tx0fv6pkqjzstkw0000gn/T/go-fuzz-build196567171/src/github.com/cockroachdb/cockroach/util/stop/stopper.go:139 +0x52
created by github.com/cockroachdb/cockroach/util/stop.(*Stopper).RunWorker
	/var/folders/pj/99_s_zrd5tx0fv6pkqjzstkw0000gn/T/go-fuzz-build196567171/src/github.com/cockroachdb/cockroach/util/stop/stopper.go:140 +0x62

goroutine 91 [select]:
github.com/cockroachdb/cockroach/sql.(*SchemaChangeManager).Start.func1()
	/var/folders/pj/99_s_zrd5tx0fv6pkqjzstkw0000gn/T/go-fuzz-build196567171/src/github.com/cockroachdb/cockroach/sql/schema_changer.go:641 +0x1762
github.com/cockroachdb/cockroach/util/stop.(*Stopper).RunWorker.func1(0xc820054070, 0xc8204a6940)
	/var/folders/pj/99_s_zrd5tx0fv6pkqjzstkw0000gn/T/go-fuzz-build196567171/src/github.com/cockroachdb/cockroach/util/stop/stopper.go:139 +0x52
created by github.com/cockroachdb/cockroach/util/stop.(*Stopper).RunWorker
	/var/folders/pj/99_s_zrd5tx0fv6pkqjzstkw0000gn/T/go-fuzz-build196567171/src/github.com/cockroachdb/cockroach/util/stop/stopper.go:140 +0x62

goroutine 92 [select]:
github.com/cockroachdb/cockroach/server.(*Server).periodicallyCheckForUpdates.func1()
	/var/folders/pj/99_s_zrd5tx0fv6pkqjzstkw0000gn/T/go-fuzz-build196567171/src/github.com/cockroachdb/cockroach/server/updates.go:108 +0x1a2
github.com/cockroachdb/cockroach/util/stop.(*Stopper).RunWorker.func1(0xc820054070, 0xc82049f410)
	/var/folders/pj/99_s_zrd5tx0fv6pkqjzstkw0000gn/T/go-fuzz-build196567171/src/github.com/cockroachdb/cockroach/util/stop/stopper.go:139 +0x52
created by github.com/cockroachdb/cockroach/util/stop.(*Stopper).RunWorker
	/var/folders/pj/99_s_zrd5tx0fv6pkqjzstkw0000gn/T/go-fuzz-build196567171/src/github.com/cockroachdb/cockroach/util/stop/stopper.go:140 +0x62

goroutine 93 [IO wait]:
net.runtime_pollWait(0xb2b6208, 0x72, 0xb2b0028)
	/var/folders/pj/99_s_zrd5tx0fv6pkqjzstkw0000gn/T/go-fuzz-build196567171/src/runtime/netpoll.go:160 +0x60
net.(*pollDesc).Wait(0xc820054ae0, 0x72, 0x0, 0x0)
	/var/folders/pj/99_s_zrd5tx0fv6pkqjzstkw0000gn/T/go-fuzz-build196567171/src/net/fd_poll_runtime.go:73 +0x3a
net.(*pollDesc).WaitRead(0xc820054ae0, 0x0, 0x0)
	/var/folders/pj/99_s_zrd5tx0fv6pkqjzstkw0000gn/T/go-fuzz-build196567171/src/net/fd_poll_runtime.go:78 +0x36
net.(*netFD).accept(0xc820054a80, 0x0, 0xb2b7b28, 0xc8206f2e80)
	/var/folders/pj/99_s_zrd5tx0fv6pkqjzstkw0000gn/T/go-fuzz-build196567171/src/net/fd_unix.go:426 +0x27c
net.(*TCPListener).AcceptTCP(0xc820028300, 0xc8204d8ed8, 0x0, 0x0)
	/var/folders/pj/99_s_zrd5tx0fv6pkqjzstkw0000gn/T/go-fuzz-build196567171/src/net/tcpsock_posix.go:254 +0x4d
net.(*TCPListener).Accept(0xc820028300, 0x0, 0x0, 0x0, 0x0)
	/var/folders/pj/99_s_zrd5tx0fv6pkqjzstkw0000gn/T/go-fuzz-build196567171/src/net/tcpsock_posix.go:264 +0x3d
github.com/cockroachdb/cmux.(*cMux).Serve(0xc820140980, 0x0, 0x0)
	/var/folders/pj/99_s_zrd5tx0fv6pkqjzstkw0000gn/T/go-fuzz-build196567171/src/github.com/cockroachdb/cmux/cmux.go:110 +0x9d
github.com/cockroachdb/cockroach/server.(*Server).Start.func11()
	/var/folders/pj/99_s_zrd5tx0fv6pkqjzstkw0000gn/T/go-fuzz-build196567171/src/github.com/cockroachdb/cockroach/server/server.go:433 +0x32
github.com/cockroachdb/cockroach/util/stop.(*Stopper).RunWorker.func1(0xc820054070, 0xc8204a69e0)
	/var/folders/pj/99_s_zrd5tx0fv6pkqjzstkw0000gn/T/go-fuzz-build196567171/src/github.com/cockroachdb/cockroach/util/stop/stopper.go:139 +0x52
created by github.com/cockroachdb/cockroach/util/stop.(*Stopper).RunWorker
	/var/folders/pj/99_s_zrd5tx0fv6pkqjzstkw0000gn/T/go-fuzz-build196567171/src/github.com/cockroachdb/cockroach/util/stop/stopper.go:140 +0x62

goroutine 94 [select]:
google.golang.org/grpc.(*Conn).transportMonitor(0xc8201b8d20)
	/var/folders/pj/99_s_zrd5tx0fv6pkqjzstkw0000gn/T/go-fuzz-build196567171/src/google.golang.org/grpc/clientconn.go:547 +0x1d3
google.golang.org/grpc.NewConn.func1(0xc8201b8d20)
	/var/folders/pj/99_s_zrd5tx0fv6pkqjzstkw0000gn/T/go-fuzz-build196567171/src/google.golang.org/grpc/clientconn.go:355 +0x1b5
created by google.golang.org/grpc.NewConn
	/var/folders/pj/99_s_zrd5tx0fv6pkqjzstkw0000gn/T/go-fuzz-build196567171/src/google.golang.org/grpc/clientconn.go:356 +0x4e3

goroutine 95 [select]:
github.com/cockroachdb/cockroach/rpc.(*Context).runHeartbeat(0xc82005e5a0, 0xc8204a5d90, 0xc82014cb90, 0xf, 0x0, 0x0)
	/var/folders/pj/99_s_zrd5tx0fv6pkqjzstkw0000gn/T/go-fuzz-build196567171/src/github.com/cockroachdb/cockroach/rpc/context.go:235 +0x649
github.com/cockroachdb/cockroach/rpc.(*Context).GRPCDial.func1.1()
	/var/folders/pj/99_s_zrd5tx0fv6pkqjzstkw0000gn/T/go-fuzz-build196567171/src/github.com/cockroachdb/cockroach/rpc/context.go:172 +0x66
github.com/cockroachdb/cockroach/util/stop.(*Stopper).RunWorker.func1(0xc820054070, 0xc82045db30)
	/var/folders/pj/99_s_zrd5tx0fv6pkqjzstkw0000gn/T/go-fuzz-build196567171/src/github.com/cockroachdb/cockroach/util/stop/stopper.go:139 +0x52
created by github.com/cockroachdb/cockroach/util/stop.(*Stopper).RunWorker
	/var/folders/pj/99_s_zrd5tx0fv6pkqjzstkw0000gn/T/go-fuzz-build196567171/src/github.com/cockroachdb/cockroach/util/stop/stopper.go:140 +0x62

goroutine 119 [IO wait]:
net.runtime_pollWait(0xb2b5fc8, 0x72, 0xc8206e6000)
	/var/folders/pj/99_s_zrd5tx0fv6pkqjzstkw0000gn/T/go-fuzz-build196567171/src/runtime/netpoll.go:160 +0x60
net.(*pollDesc).Wait(0xc820462290, 0x72, 0x0, 0x0)
	/var/folders/pj/99_s_zrd5tx0fv6pkqjzstkw0000gn/T/go-fuzz-build196567171/src/net/fd_poll_runtime.go:73 +0x3a
net.(*pollDesc).WaitRead(0xc820462290, 0x0, 0x0)
	/var/folders/pj/99_s_zrd5tx0fv6pkqjzstkw0000gn/T/go-fuzz-build196567171/src/net/fd_poll_runtime.go:78 +0x36
net.(*netFD).Read(0xc820462230, 0xc8206e6000, 0x8000, 0x8000, 0x0, 0xb2b0028, 0xc82000a078)
	/var/folders/pj/99_s_zrd5tx0fv6pkqjzstkw0000gn/T/go-fuzz-build196567171/src/net/fd_unix.go:250 +0x23a
net.(*conn).Read(0xc820028248, 0xc8206e6000, 0x8000, 0x8000, 0x0, 0x0, 0x0)
	/var/folders/pj/99_s_zrd5tx0fv6pkqjzstkw0000gn/T/go-fuzz-build196567171/src/net/net.go:172 +0xe4
github.com/cockroachdb/cmux.(*MuxConn).Read(0xc8204a4c60, 0xc8206e6000, 0x8000, 0x8000, 0x9, 0x0, 0x0)
	/var/folders/pj/99_s_zrd5tx0fv6pkqjzstkw0000gn/T/go-fuzz-build196567171/src/github.com/cockroachdb/cmux/cmux.go:204 +0x117
bufio.(*Reader).fill(0xc820600ae0)
	/var/folders/pj/99_s_zrd5tx0fv6pkqjzstkw0000gn/T/go-fuzz-build196567171/src/bufio/bufio.go:97 +0x352
bufio.(*Reader).Read(0xc820600ae0, 0xc8205f0ff8, 0x9, 0x9, 0x9, 0x0, 0x0)
	/var/folders/pj/99_s_zrd5tx0fv6pkqjzstkw0000gn/T/go-fuzz-build196567171/src/bufio/bufio.go:207 +0x699
io.ReadAtLeast(0xb2b6aa0, 0xc820600ae0, 0xc8205f0ff8, 0x9, 0x9, 0x9, 0x0, 0x0, 0x0)
	/var/folders/pj/99_s_zrd5tx0fv6pkqjzstkw0000gn/T/go-fuzz-build196567171/src/io/io.go:297 +0x203
io.ReadFull(0xb2b6aa0, 0xc820600ae0, 0xc8205f0ff8, 0x9, 0x9, 0x270f731aa5b6d01, 0x0, 0x0)
	/var/folders/pj/99_s_zrd5tx0fv6pkqjzstkw0000gn/T/go-fuzz-build196567171/src/io/io.go:315 +0x95
golang.org/x/net/http2.readFrameHeader(0xc8205f0ff8, 0x9, 0x9, 0xb2b6aa0, 0xc820600ae0, 0xb000000, 0xc800000000, 0x0, 0x0)
	/var/folders/pj/99_s_zrd5tx0fv6pkqjzstkw0000gn/T/go-fuzz-build196567171/src/golang.org/x/net/http2/frame.go:237 +0xa5
golang.org/x/net/http2.(*Framer).ReadFrame(0xc8205f0fc0, 0x0, 0x0, 0x0, 0x0)
	/var/folders/pj/99_s_zrd5tx0fv6pkqjzstkw0000gn/T/go-fuzz-build196567171/src/golang.org/x/net/http2/frame.go:464 +0x106
google.golang.org/grpc/transport.(*framer).readFrame(0xc8206fa150, 0x0, 0x0, 0x0, 0x0)
	/var/folders/pj/99_s_zrd5tx0fv6pkqjzstkw0000gn/T/go-fuzz-build196567171/src/google.golang.org/grpc/transport/http_util.go:417 +0x3d
google.golang.org/grpc/transport.(*http2Server).HandleStreams(0xc820653560, 0xc8206fa1e0)
	/var/folders/pj/99_s_zrd5tx0fv6pkqjzstkw0000gn/T/go-fuzz-build196567171/src/google.golang.org/grpc/transport/http2_server.go:243 +0x646
google.golang.org/grpc.(*Server).serveStreams(0xc82006a1b0, 0xb2c6fa0, 0xc820653560)
	/var/folders/pj/99_s_zrd5tx0fv6pkqjzstkw0000gn/T/go-fuzz-build196567171/src/google.golang.org/grpc/server.go:354 +0x159
google.golang.org/grpc.(*Server).serveNewHTTP2Transport(0xc82006a1b0, 0xb2c6ef0, 0xc8204a4c60, 0x0, 0x0)
	/var/folders/pj/99_s_zrd5tx0fv6pkqjzstkw0000gn/T/go-fuzz-build196567171/src/google.golang.org/grpc/server.go:341 +0x49d
google.golang.org/grpc.(*Server).handleRawConn(0xc82006a1b0, 0xb2c6ef0, 0xc8204a4c60)
	/var/folders/pj/99_s_zrd5tx0fv6pkqjzstkw0000gn/T/go-fuzz-build196567171/src/google.golang.org/grpc/server.go:318 +0x4ee
created by google.golang.org/grpc.(*Server).Serve
	/var/folders/pj/99_s_zrd5tx0fv6pkqjzstkw0000gn/T/go-fuzz-build196567171/src/google.golang.org/grpc/server.go:290 +0x38c

goroutine 120 [select]:
google.golang.org/grpc/transport.(*http2Server).controller(0xc820653560)
	/var/folders/pj/99_s_zrd5tx0fv6pkqjzstkw0000gn/T/go-fuzz-build196567171/src/google.golang.org/grpc/transport/http2_server.go:660 +0x5da
created by google.golang.org/grpc/transport.newHTTP2Server
	/var/folders/pj/99_s_zrd5tx0fv6pkqjzstkw0000gn/T/go-fuzz-build196567171/src/google.golang.org/grpc/transport/http2_server.go:134 +0x84f

goroutine 107 [IO wait]:
net.runtime_pollWait(0xb2b6088, 0x72, 0xc82050e000)
	/var/folders/pj/99_s_zrd5tx0fv6pkqjzstkw0000gn/T/go-fuzz-build196567171/src/runtime/netpoll.go:160 +0x60
net.(*pollDesc).Wait(0xc8204af790, 0x72, 0x0, 0x0)
	/var/folders/pj/99_s_zrd5tx0fv6pkqjzstkw0000gn/T/go-fuzz-build196567171/src/net/fd_poll_runtime.go:73 +0x3a
net.(*pollDesc).WaitRead(0xc8204af790, 0x0, 0x0)
	/var/folders/pj/99_s_zrd5tx0fv6pkqjzstkw0000gn/T/go-fuzz-build196567171/src/net/fd_poll_runtime.go:78 +0x36
net.(*netFD).Read(0xc8204af730, 0xc82050e000, 0x8000, 0x8000, 0x0, 0xb2b0028, 0xc82000a078)
	/var/folders/pj/99_s_zrd5tx0fv6pkqjzstkw0000gn/T/go-fuzz-build196567171/src/net/fd_unix.go:250 +0x23a
net.(*conn).Read(0xc820028270, 0xc82050e000, 0x8000, 0x8000, 0x0, 0x0, 0x0)
	/var/folders/pj/99_s_zrd5tx0fv6pkqjzstkw0000gn/T/go-fuzz-build196567171/src/net/net.go:172 +0xe4
bufio.(*Reader).fill(0xc8206dc540)
	/var/folders/pj/99_s_zrd5tx0fv6pkqjzstkw0000gn/T/go-fuzz-build196567171/src/bufio/bufio.go:97 +0x352
bufio.(*Reader).Read(0xc8206dc540, 0xc8200fe3f8, 0x9, 0x9, 0x9, 0x0, 0x0)
	/var/folders/pj/99_s_zrd5tx0fv6pkqjzstkw0000gn/T/go-fuzz-build196567171/src/bufio/bufio.go:207 +0x699
io.ReadAtLeast(0xb2b6aa0, 0xc8206dc540, 0xc8200fe3f8, 0x9, 0x9, 0x9, 0x0, 0x0, 0x0)
	/var/folders/pj/99_s_zrd5tx0fv6pkqjzstkw0000gn/T/go-fuzz-build196567171/src/io/io.go:297 +0x203
io.ReadFull(0xb2b6aa0, 0xc8206dc540, 0xc8200fe3f8, 0x9, 0x9, 0x270f731aa5b6d01, 0x0, 0x0)
	/var/folders/pj/99_s_zrd5tx0fv6pkqjzstkw0000gn/T/go-fuzz-build196567171/src/io/io.go:315 +0x95
golang.org/x/net/http2.readFrameHeader(0xc8200fe3f8, 0x9, 0x9, 0xb2b6aa0, 0xc8206dc540, 0xb000000, 0xc800000000, 0x0, 0x0)
	/var/folders/pj/99_s_zrd5tx0fv6pkqjzstkw0000gn/T/go-fuzz-build196567171/src/golang.org/x/net/http2/frame.go:237 +0xa5
golang.org/x/net/http2.(*Framer).ReadFrame(0xc8200fe3c0, 0x0, 0x0, 0x0, 0x0)
	/var/folders/pj/99_s_zrd5tx0fv6pkqjzstkw0000gn/T/go-fuzz-build196567171/src/golang.org/x/net/http2/frame.go:464 +0x106
google.golang.org/grpc/transport.(*framer).readFrame(0xc82063d260, 0x0, 0x0, 0x0, 0x0)
	/var/folders/pj/99_s_zrd5tx0fv6pkqjzstkw0000gn/T/go-fuzz-build196567171/src/google.golang.org/grpc/transport/http_util.go:417 +0x3d
google.golang.org/grpc/transport.(*http2Client).reader(0xc8201b8000)
	/var/folders/pj/99_s_zrd5tx0fv6pkqjzstkw0000gn/T/go-fuzz-build196567171/src/google.golang.org/grpc/transport/http2_client.go:795 +0x109
created by google.golang.org/grpc/transport.newHTTP2Client
	/var/folders/pj/99_s_zrd5tx0fv6pkqjzstkw0000gn/T/go-fuzz-build196567171/src/google.golang.org/grpc/transport/http2_client.go:174 +0xd21

goroutine 108 [select]:
google.golang.org/grpc/transport.(*http2Client).controller(0xc8201b8000)
	/var/folders/pj/99_s_zrd5tx0fv6pkqjzstkw0000gn/T/go-fuzz-build196567171/src/google.golang.org/grpc/transport/http2_client.go:873 +0x5da
created by google.golang.org/grpc/transport.newHTTP2Client
	/var/folders/pj/99_s_zrd5tx0fv6pkqjzstkw0000gn/T/go-fuzz-build196567171/src/google.golang.org/grpc/transport/http2_client.go:201 +0x15c2
exit status 2